<?xml version="1.0" encoding="UTF-8"?>
<robot generator="Robot 7.0 (Python 3.12.2 on win32)" generated="2024-06-19T16:24:45.657083" rpa="false" schemaversion="5">
<suite id="s1" name="Tests" source="C:\Users\Cliente\Documents\Projetos\Financers-Luciano\tests">
<suite id="s1-s1" name="debitoTestes" source="C:\Users\Cliente\Documents\Projetos\Financers-Luciano\tests\debitoTestes.robot">
<test id="s1-s1-t1" name="Acessar tela Débito" line="17">
<kw name="Iniciar testes" owner="baseTests" type="SETUP">
<kw name="Set Browser Timeout" owner="Browser">
<msg time="2024-06-19T16:24:48.693808" level="INFO">${old_timeout} = 10 seconds</msg>
<var>${old_timeout}</var>
<arg>15 seconds</arg>
<tag>Config</tag>
<tag>Setter</tag>
<doc>Sets the timeout used by most input and getter keywords.</doc>
<status status="PASS" start="2024-06-19T16:24:48.637864" elapsed="0.055944"/>
</kw>
<kw name="Open Browser" owner="Browser">
<msg time="2024-06-19T16:24:48.694928" level="WARN">Open Browser is for quick experimentation and debugging only. Use New Page for production.</msg>
<msg time="2024-06-19T16:24:48.696152" level="INFO">{"browser": "chromium", "headless": false, "chromiumSandbox": false, "devtools": false, "handleSIGHUP": true, "handleSIGINT": true, "handleSIGTERM": true, "slowMo": 0.0, "timeout": 30000.0, "tracesDir": "C:\\Users\\Cliente\\Documents\\Projetos\\Financers-Luciano\\logs\\browser\\traces\\a58479f1-3c7e-4588-8249-cc3ceaaf496e"}</msg>
<msg time="2024-06-19T16:24:50.241326" level="INFO">Successfully created browser with options: {"browser":"chromium","headless":false,"chromiumSandbox":false,"devtools":false,"handleSIGHUP":true,"handleSIGINT":true,"handleSIGTERM":true,"slowMo":0,"timeout":30000,"tracesDir":"C:\\Users\\Cliente\\Documents\\Projetos\\Financers-Luciano\\logs\\browser\\traces\\a58479f1-3c7e-4588-8249-cc3ceaaf496e"}</msg>
<msg time="2024-06-19T16:24:50.241326" level="INFO">{
  "acceptDownloads": true,
  "bypassCSP": true,
  "forcedColors": "none",
  "ignoreHTTPSErrors": false,
  "javaScriptEnabled": true,
  "offline": false,
  "reducedMotion": "no-preference",
  "serviceWorkers": "allow",
  "viewport": {
    "width": 1280,
    "height": 720
  }
}</msg>
<msg time="2024-06-19T16:24:50.329791" level="INFO">Successfully created context. </msg>
<msg time="2024-06-19T16:24:50.329791" level="INFO">{'acceptDownloads': True, 'bypassCSP': True, 'forcedColors': 'none', 'ignoreHTTPSErrors': False, 'javaScriptEnabled': True, 'offline': False, 'reducedMotion': 'no-preference', 'serviceWorkers': 'allow', 'viewport': {'width': 1280, 'height': 720}}</msg>
<msg time="2024-06-19T16:24:53.167790" level="INFO">Successfully initialized new page object and opened url: https://luciano.app.br/Identity/Account/Login</msg>
<arg>https://luciano.app.br/Identity/Account/Login</arg>
<arg>headless=false</arg>
<tag>BrowserControl</tag>
<tag>Setter</tag>
<doc>Opens a new browser instance. Use this keyword for quick experiments or debugging sessions.</doc>
<status status="PASS" start="2024-06-19T16:24:48.694369" elapsed="4.473421"/>
</kw>
<kw name="Set Browser Timeout" owner="Browser">
<msg time="2024-06-19T16:24:53.169494" level="INFO">${old_timeout} = 15 seconds</msg>
<var>${old_timeout}</var>
<arg>15 seconds</arg>
<tag>Config</tag>
<tag>Setter</tag>
<doc>Sets the timeout used by most input and getter keywords.</doc>
<status status="PASS" start="2024-06-19T16:24:53.168401" elapsed="0.001186"/>
</kw>
<status status="PASS" start="2024-06-19T16:24:48.636462" elapsed="4.533125"/>
</kw>
<kw name="Preencher Login" owner="loginPage">
<kw name="Sleep" owner="BuiltIn">
<msg time="2024-06-19T16:24:56.172214" level="INFO">Slept 3 seconds.</msg>
<arg>3s</arg>
<doc>Pauses the test executed for the given time.</doc>
<status status="PASS" start="2024-06-19T16:24:53.171401" elapsed="3.000813"/>
</kw>
<kw name="Get Title" owner="Browser">
<msg time="2024-06-19T16:24:56.184962" level="INFO">Title: 'Login - Financers'</msg>
<arg>==</arg>
<arg>Login - Financers</arg>
<tag>Assertion</tag>
<tag>Getter</tag>
<tag>PageContent</tag>
<doc>Returns the title of the current page.</doc>
<status status="PASS" start="2024-06-19T16:24:56.172214" elapsed="0.012748"/>
</kw>
<kw name="Fill Text" owner="Browser">
<msg time="2024-06-19T16:24:56.186097" level="INFO">Fills the text 'tatianasimao80@gmail.com' in the given field.</msg>
<arg>id=Input_Email</arg>
<arg>${VALUE_EMAIL}</arg>
<tag>PageContent</tag>
<tag>Setter</tag>
<doc>Clears and fills the given ``txt`` into the text field found by ``selector``.</doc>
<status status="PASS" start="2024-06-19T16:24:56.185538" elapsed="0.067840"/>
</kw>
<kw name="Fill Text" owner="Browser">
<msg time="2024-06-19T16:24:56.254370" level="INFO">Fills the text 'Aa12345678@' in the given field.</msg>
<arg>id=Input_Password</arg>
<arg>${VALUE_SENHA}</arg>
<tag>PageContent</tag>
<tag>Setter</tag>
<doc>Clears and fills the given ``txt`` into the text field found by ``selector``.</doc>
<status status="PASS" start="2024-06-19T16:24:56.253378" elapsed="0.045381"/>
</kw>
<kw name="Click" owner="Browser">
<msg time="2024-06-19T16:24:56.299375" level="INFO">Clicks the element '//button'.</msg>
<arg>//button</arg>
<tag>PageContent</tag>
<tag>Setter</tag>
<doc>Simulates mouse click on the element found by ``selector``.</doc>
<status status="PASS" start="2024-06-19T16:24:56.299269" elapsed="1.029799"/>
</kw>
<arg>${email}</arg>
<arg>${password}</arg>
<status status="PASS" start="2024-06-19T16:24:53.170790" elapsed="4.158730"/>
</kw>
<kw name="Verificar Login com sucesso" owner="loginPage">
<kw name="Sleep" owner="BuiltIn">
<msg time="2024-06-19T16:25:00.331784" level="INFO">Slept 3 seconds.</msg>
<arg>3s</arg>
<doc>Pauses the test executed for the given time.</doc>
<status status="PASS" start="2024-06-19T16:24:57.331026" elapsed="3.000907"/>
</kw>
<kw name="Get Title" owner="Browser">
<msg time="2024-06-19T16:25:00.347307" level="INFO">Title: 'DashBoard - Financers'</msg>
<arg>==</arg>
<arg>DashBoard - Financers</arg>
<tag>Assertion</tag>
<tag>Getter</tag>
<tag>PageContent</tag>
<doc>Returns the title of the current page.</doc>
<status status="PASS" start="2024-06-19T16:25:00.331933" elapsed="0.015529"/>
</kw>
<kw name="Take Screenshot" owner="Browser">
<msg time="2024-06-19T16:25:00.459854" level="INFO" html="true">&lt;/td&gt;&lt;/tr&gt;&lt;tr&gt;&lt;td colspan="3"&gt;&lt;a href="browser/screenshot/robotframework-browser-screenshot-1.png" target="_blank"&gt;&lt;img src="browser/screenshot/robotframework-browser-screenshot-1.png" width="800px"/&gt;&lt;/a&gt;</msg>
<tag>PageContent</tag>
<doc>Takes a screenshot of the current window or element and saves it to disk.</doc>
<status status="PASS" start="2024-06-19T16:25:00.347462" elapsed="0.112392"/>
</kw>
<status status="PASS" start="2024-06-19T16:24:57.330661" elapsed="3.129193"/>
</kw>
<kw name="Clicar abrir Débito" owner="debitoPage">
<kw name="Click" owner="Browser">
<msg time="2024-06-19T16:25:00.462453" level="INFO">Clicks the element 'xpath=(//*[@class='nav-text fadeable']['Débito'])[2]'.</msg>
<arg>xpath=(//*[@class='nav-text fadeable']['Débito'])[2]</arg>
<tag>PageContent</tag>
<tag>Setter</tag>
<doc>Simulates mouse click on the element found by ``selector``.</doc>
<status status="PASS" start="2024-06-19T16:25:00.461268" elapsed="0.087576"/>
</kw>
<status status="PASS" start="2024-06-19T16:25:00.461081" elapsed="0.088002"/>
</kw>
<kw name="Finalizar testes" owner="baseTests" type="TEARDOWN">
<kw name="Take Screenshot" owner="Browser">
<msg time="2024-06-19T16:25:00.706272" level="INFO" html="true">&lt;/td&gt;&lt;/tr&gt;&lt;tr&gt;&lt;td colspan="3"&gt;&lt;a href="browser/screenshot/Acessar%20tela%20D%C3%A9bito.png" target="_blank"&gt;&lt;img src="browser/screenshot/Acessar%20tela%20D%C3%A9bito.png" width="800px"/&gt;&lt;/a&gt;</msg>
<arg>${TEST NAME}</arg>
<tag>PageContent</tag>
<doc>Takes a screenshot of the current window or element and saves it to disk.</doc>
<status status="PASS" start="2024-06-19T16:25:00.554999" elapsed="0.151355"/>
</kw>
<kw name="Close Browser" owner="Browser">
<msg time="2024-06-19T16:25:01.303340" level="INFO">Closed browser</msg>
<tag>BrowserControl</tag>
<tag>Setter</tag>
<doc>Closes the current browser.</doc>
<status status="PASS" start="2024-06-19T16:25:00.706354" elapsed="0.596986"/>
</kw>
<status status="PASS" start="2024-06-19T16:25:00.553982" elapsed="0.749358"/>
</kw>
<status status="PASS" start="2024-06-19T16:24:48.627217" elapsed="12.676774"/>
</test>
<status status="PASS" start="2024-06-19T16:24:45.692618" elapsed="15.615435"/>
</suite>
<suite id="s1-s2" name="novoDebitoTestes" source="C:\Users\Cliente\Documents\Projetos\Financers-Luciano\tests\novoDebitoTestes.robot">
<test id="s1-s2-t1" name="Acessar tela Débito" line="21">
<kw name="Iniciar testes" owner="baseTests" type="SETUP">
<kw name="Set Browser Timeout" owner="Browser">
<msg time="2024-06-19T16:25:01.430391" level="INFO">${old_timeout} = 10 seconds</msg>
<var>${old_timeout}</var>
<arg>15 seconds</arg>
<tag>Config</tag>
<tag>Setter</tag>
<doc>Sets the timeout used by most input and getter keywords.</doc>
<status status="PASS" start="2024-06-19T16:25:01.384603" elapsed="0.045841"/>
</kw>
<kw name="Open Browser" owner="Browser">
<msg time="2024-06-19T16:25:01.431511" level="WARN">Open Browser is for quick experimentation and debugging only. Use New Page for production.</msg>
<msg time="2024-06-19T16:25:01.432721" level="INFO">{"browser": "chromium", "headless": false, "chromiumSandbox": false, "devtools": false, "handleSIGHUP": true, "handleSIGINT": true, "handleSIGTERM": true, "slowMo": 0.0, "timeout": 30000.0, "tracesDir": "C:\\Users\\Cliente\\Documents\\Projetos\\Financers-Luciano\\logs\\browser\\traces\\b01aabba-8da7-459a-b213-4a1c59c2b852"}</msg>
<msg time="2024-06-19T16:25:01.891988" level="INFO">Successfully created browser with options: {"browser":"chromium","headless":false,"chromiumSandbox":false,"devtools":false,"handleSIGHUP":true,"handleSIGINT":true,"handleSIGTERM":true,"slowMo":0,"timeout":30000,"tracesDir":"C:\\Users\\Cliente\\Documents\\Projetos\\Financers-Luciano\\logs\\browser\\traces\\b01aabba-8da7-459a-b213-4a1c59c2b852"}</msg>
<msg time="2024-06-19T16:25:01.892983" level="INFO">{
  "acceptDownloads": true,
  "bypassCSP": true,
  "forcedColors": "none",
  "ignoreHTTPSErrors": false,
  "javaScriptEnabled": true,
  "offline": false,
  "reducedMotion": "no-preference",
  "serviceWorkers": "allow",
  "viewport": {
    "width": 1280,
    "height": 720
  }
}</msg>
<msg time="2024-06-19T16:25:01.948415" level="INFO">Successfully created context. </msg>
<msg time="2024-06-19T16:25:01.948415" level="INFO">{'acceptDownloads': True, 'bypassCSP': True, 'forcedColors': 'none', 'ignoreHTTPSErrors': False, 'javaScriptEnabled': True, 'offline': False, 'reducedMotion': 'no-preference', 'serviceWorkers': 'allow', 'viewport': {'width': 1280, 'height': 720}}</msg>
<msg time="2024-06-19T16:25:04.675857" level="INFO">Successfully initialized new page object and opened url: https://luciano.app.br/Identity/Account/Login</msg>
<arg>https://luciano.app.br/Identity/Account/Login</arg>
<arg>headless=false</arg>
<tag>BrowserControl</tag>
<tag>Setter</tag>
<doc>Opens a new browser instance. Use this keyword for quick experiments or debugging sessions.</doc>
<status status="PASS" start="2024-06-19T16:25:01.430444" elapsed="3.246000"/>
</kw>
<kw name="Set Browser Timeout" owner="Browser">
<msg time="2024-06-19T16:25:04.677632" level="INFO">${old_timeout} = 15 seconds</msg>
<var>${old_timeout}</var>
<arg>15 seconds</arg>
<tag>Config</tag>
<tag>Setter</tag>
<doc>Sets the timeout used by most input and getter keywords.</doc>
<status status="PASS" start="2024-06-19T16:25:04.676949" elapsed="0.000683"/>
</kw>
<status status="PASS" start="2024-06-19T16:25:01.384019" elapsed="3.293613"/>
</kw>
<kw name="Preencher Login" owner="loginPage">
<kw name="Sleep" owner="BuiltIn">
<msg time="2024-06-19T16:25:07.680193" level="INFO">Slept 3 seconds.</msg>
<arg>3s</arg>
<doc>Pauses the test executed for the given time.</doc>
<status status="PASS" start="2024-06-19T16:25:04.679417" elapsed="3.000947"/>
</kw>
<kw name="Get Title" owner="Browser">
<msg time="2024-06-19T16:25:07.690045" level="INFO">Title: 'Login - Financers'</msg>
<arg>==</arg>
<arg>Login - Financers</arg>
<tag>Assertion</tag>
<tag>Getter</tag>
<tag>PageContent</tag>
<doc>Returns the title of the current page.</doc>
<status status="PASS" start="2024-06-19T16:25:07.680364" elapsed="0.009814"/>
</kw>
<kw name="Fill Text" owner="Browser">
<msg time="2024-06-19T16:25:07.690796" level="INFO">Fills the text 'tatianasimao80@gmail.com' in the given field.</msg>
<arg>id=Input_Email</arg>
<arg>${VALUE_EMAIL}</arg>
<tag>PageContent</tag>
<tag>Setter</tag>
<doc>Clears and fills the given ``txt`` into the text field found by ``selector``.</doc>
<status status="PASS" start="2024-06-19T16:25:07.690178" elapsed="0.051320"/>
</kw>
<kw name="Fill Text" owner="Browser">
<msg time="2024-06-19T16:25:07.742210" level="INFO">Fills the text 'Aa12345678@' in the given field.</msg>
<arg>id=Input_Password</arg>
<arg>${VALUE_SENHA}</arg>
<tag>PageContent</tag>
<tag>Setter</tag>
<doc>Clears and fills the given ``txt`` into the text field found by ``selector``.</doc>
<status status="PASS" start="2024-06-19T16:25:07.741629" elapsed="0.043229"/>
</kw>
<kw name="Click" owner="Browser">
<msg time="2024-06-19T16:25:07.785687" level="INFO">Clicks the element '//button'.</msg>
<arg>//button</arg>
<tag>PageContent</tag>
<tag>Setter</tag>
<doc>Simulates mouse click on the element found by ``selector``.</doc>
<status status="PASS" start="2024-06-19T16:25:07.784978" elapsed="0.925422"/>
</kw>
<arg>${email}</arg>
<arg>${password}</arg>
<status status="PASS" start="2024-06-19T16:25:04.678829" elapsed="4.031571"/>
</kw>
<kw name="Verificar Login com sucesso" owner="loginPage">
<kw name="Sleep" owner="BuiltIn">
<msg time="2024-06-19T16:25:11.713548" level="INFO">Slept 3 seconds.</msg>
<arg>3s</arg>
<doc>Pauses the test executed for the given time.</doc>
<status status="PASS" start="2024-06-19T16:25:08.712501" elapsed="3.001047"/>
</kw>
<kw name="Get Title" owner="Browser">
<msg time="2024-06-19T16:25:11.732329" level="INFO">Title: 'DashBoard - Financers'</msg>
<arg>==</arg>
<arg>DashBoard - Financers</arg>
<tag>Assertion</tag>
<tag>Getter</tag>
<tag>PageContent</tag>
<doc>Returns the title of the current page.</doc>
<status status="PASS" start="2024-06-19T16:25:11.714286" elapsed="0.018724"/>
</kw>
<kw name="Take Screenshot" owner="Browser">
<msg time="2024-06-19T16:25:11.856374" level="INFO" html="true">&lt;/td&gt;&lt;/tr&gt;&lt;tr&gt;&lt;td colspan="3"&gt;&lt;a href="browser/screenshot/robotframework-browser-screenshot-2.png" target="_blank"&gt;&lt;img src="browser/screenshot/robotframework-browser-screenshot-2.png" width="800px"/&gt;&lt;/a&gt;</msg>
<tag>PageContent</tag>
<doc>Takes a screenshot of the current window or element and saves it to disk.</doc>
<status status="PASS" start="2024-06-19T16:25:11.733696" elapsed="0.122678"/>
</kw>
<status status="PASS" start="2024-06-19T16:25:08.712332" elapsed="3.144660"/>
</kw>
<kw name="Clicar abrir Débito" owner="debitoPage">
<kw name="Click" owner="Browser">
<msg time="2024-06-19T16:25:11.858807" level="INFO">Clicks the element 'xpath=(//*[@class='nav-text fadeable']['Débito'])[2]'.</msg>
<arg>xpath=(//*[@class='nav-text fadeable']['Débito'])[2]</arg>
<tag>PageContent</tag>
<tag>Setter</tag>
<doc>Simulates mouse click on the element found by ``selector``.</doc>
<status status="PASS" start="2024-06-19T16:25:11.858183" elapsed="0.080332"/>
</kw>
<status status="PASS" start="2024-06-19T16:25:11.857564" elapsed="0.080951"/>
</kw>
<kw name="Finalizar testes" owner="baseTests" type="TEARDOWN">
<kw name="Take Screenshot" owner="Browser">
<msg time="2024-06-19T16:25:12.042706" level="INFO" html="true">&lt;/td&gt;&lt;/tr&gt;&lt;tr&gt;&lt;td colspan="3"&gt;&lt;a href="browser/screenshot/Acessar%20tela%20D%C3%A9bito.png" target="_blank"&gt;&lt;img src="browser/screenshot/Acessar%20tela%20D%C3%A9bito.png" width="800px"/&gt;&lt;/a&gt;</msg>
<arg>${TEST NAME}</arg>
<tag>PageContent</tag>
<doc>Takes a screenshot of the current window or element and saves it to disk.</doc>
<status status="PASS" start="2024-06-19T16:25:11.941344" elapsed="0.101515"/>
</kw>
<kw name="Close Browser" owner="Browser">
<msg time="2024-06-19T16:25:12.649939" level="INFO">Closed browser</msg>
<tag>BrowserControl</tag>
<tag>Setter</tag>
<doc>Closes the current browser.</doc>
<status status="PASS" start="2024-06-19T16:25:12.044080" elapsed="0.605859"/>
</kw>
<status status="PASS" start="2024-06-19T16:25:11.940738" elapsed="0.709794"/>
</kw>
<status status="PASS" start="2024-06-19T16:25:01.377445" elapsed="11.273087"/>
</test>
<test id="s1-s2-t2" name="Cadastrar novo débito" line="27">
<kw name="Iniciar testes" owner="baseTests" type="SETUP">
<kw name="Set Browser Timeout" owner="Browser">
<msg time="2024-06-19T16:25:12.661694" level="INFO">${old_timeout} = 15 seconds</msg>
<var>${old_timeout}</var>
<arg>15 seconds</arg>
<tag>Config</tag>
<tag>Setter</tag>
<doc>Sets the timeout used by most input and getter keywords.</doc>
<status status="PASS" start="2024-06-19T16:25:12.660575" elapsed="0.001119"/>
</kw>
<kw name="Open Browser" owner="Browser">
<msg time="2024-06-19T16:25:12.662247" level="WARN">Open Browser is for quick experimentation and debugging only. Use New Page for production.</msg>
<msg time="2024-06-19T16:25:12.663309" level="INFO">{"browser": "chromium", "headless": false, "chromiumSandbox": false, "devtools": false, "handleSIGHUP": true, "handleSIGINT": true, "handleSIGTERM": true, "slowMo": 0.0, "timeout": 30000.0, "tracesDir": "C:\\Users\\Cliente\\Documents\\Projetos\\Financers-Luciano\\logs\\browser\\traces\\9989d405-8e7a-4685-b194-d6698a37066d"}</msg>
<msg time="2024-06-19T16:25:13.098924" level="INFO">Successfully created browser with options: {"browser":"chromium","headless":false,"chromiumSandbox":false,"devtools":false,"handleSIGHUP":true,"handleSIGINT":true,"handleSIGTERM":true,"slowMo":0,"timeout":30000,"tracesDir":"C:\\Users\\Cliente\\Documents\\Projetos\\Financers-Luciano\\logs\\browser\\traces\\9989d405-8e7a-4685-b194-d6698a37066d"}</msg>
<msg time="2024-06-19T16:25:13.099921" level="INFO">{
  "acceptDownloads": true,
  "bypassCSP": true,
  "forcedColors": "none",
  "ignoreHTTPSErrors": false,
  "javaScriptEnabled": true,
  "offline": false,
  "reducedMotion": "no-preference",
  "serviceWorkers": "allow",
  "viewport": {
    "width": 1280,
    "height": 720
  }
}</msg>
<msg time="2024-06-19T16:25:13.159036" level="INFO">Successfully created context. </msg>
<msg time="2024-06-19T16:25:13.159036" level="INFO">{'acceptDownloads': True, 'bypassCSP': True, 'forcedColors': 'none', 'ignoreHTTPSErrors': False, 'javaScriptEnabled': True, 'offline': False, 'reducedMotion': 'no-preference', 'serviceWorkers': 'allow', 'viewport': {'width': 1280, 'height': 720}}</msg>
<msg time="2024-06-19T16:25:15.903350" level="INFO">Successfully initialized new page object and opened url: https://luciano.app.br/Identity/Account/Login</msg>
<arg>https://luciano.app.br/Identity/Account/Login</arg>
<arg>headless=false</arg>
<tag>BrowserControl</tag>
<tag>Setter</tag>
<doc>Opens a new browser instance. Use this keyword for quick experiments or debugging sessions.</doc>
<status status="PASS" start="2024-06-19T16:25:12.661694" elapsed="3.242653"/>
</kw>
<kw name="Set Browser Timeout" owner="Browser">
<msg time="2024-06-19T16:25:15.906876" level="INFO">${old_timeout} = 15 seconds</msg>
<var>${old_timeout}</var>
<arg>15 seconds</arg>
<tag>Config</tag>
<tag>Setter</tag>
<doc>Sets the timeout used by most input and getter keywords.</doc>
<status status="PASS" start="2024-06-19T16:25:15.904347" elapsed="0.002529"/>
</kw>
<status status="PASS" start="2024-06-19T16:25:12.660014" elapsed="3.247252"/>
</kw>
<kw name="Set Browser Timeout" owner="Browser">
<msg time="2024-06-19T16:25:15.909024" level="INFO">${old_timeout} = 15 seconds</msg>
<var>${old_timeout}</var>
<arg>15 seconds</arg>
<tag>Config</tag>
<tag>Setter</tag>
<doc>Sets the timeout used by most input and getter keywords.</doc>
<status status="PASS" start="2024-06-19T16:25:15.907782" elapsed="0.001242"/>
</kw>
<kw name="Preencher Login" owner="loginPage">
<kw name="Sleep" owner="BuiltIn">
<msg time="2024-06-19T16:25:18.910936" level="INFO">Slept 3 seconds.</msg>
<arg>3s</arg>
<doc>Pauses the test executed for the given time.</doc>
<status status="PASS" start="2024-06-19T16:25:15.910464" elapsed="3.000472"/>
</kw>
<kw name="Get Title" owner="Browser">
<msg time="2024-06-19T16:25:18.932442" level="INFO">Title: 'Login - Financers'</msg>
<arg>==</arg>
<arg>Login - Financers</arg>
<tag>Assertion</tag>
<tag>Getter</tag>
<tag>PageContent</tag>
<doc>Returns the title of the current page.</doc>
<status status="PASS" start="2024-06-19T16:25:18.911602" elapsed="0.021351"/>
</kw>
<kw name="Fill Text" owner="Browser">
<msg time="2024-06-19T16:25:18.934500" level="INFO">Fills the text 'tatianasimao80@gmail.com' in the given field.</msg>
<arg>id=Input_Email</arg>
<arg>${VALUE_EMAIL}</arg>
<tag>PageContent</tag>
<tag>Setter</tag>
<doc>Clears and fills the given ``txt`` into the text field found by ``selector``.</doc>
<status status="PASS" start="2024-06-19T16:25:18.933149" elapsed="0.055284"/>
</kw>
<kw name="Fill Text" owner="Browser">
<msg time="2024-06-19T16:25:18.991663" level="INFO">Fills the text 'Aa12345678@' in the given field.</msg>
<arg>id=Input_Password</arg>
<arg>${VALUE_SENHA}</arg>
<tag>PageContent</tag>
<tag>Setter</tag>
<doc>Clears and fills the given ``txt`` into the text field found by ``selector``.</doc>
<status status="PASS" start="2024-06-19T16:25:18.989428" elapsed="0.047245"/>
</kw>
<kw name="Click" owner="Browser">
<msg time="2024-06-19T16:25:19.037268" level="INFO">Clicks the element '//button'.</msg>
<arg>//button</arg>
<tag>PageContent</tag>
<tag>Setter</tag>
<doc>Simulates mouse click on the element found by ``selector``.</doc>
<status status="PASS" start="2024-06-19T16:25:19.036673" elapsed="1.217619"/>
</kw>
<arg>${email}</arg>
<arg>${password}</arg>
<status status="PASS" start="2024-06-19T16:25:15.909912" elapsed="4.345385"/>
</kw>
<kw name="Clicar Débito" owner="novoDebitoPage">
<kw name="Click" owner="Browser">
<msg time="2024-06-19T16:25:20.257691" level="INFO">Clicks the element 'xpath=(//*[@class='nav-text fadeable']['Débito'])[2]'.</msg>
<arg>xpath=(//*[@class='nav-text fadeable']['Débito'])[2]</arg>
<tag>PageContent</tag>
<tag>Setter</tag>
<doc>Simulates mouse click on the element found by ``selector``.</doc>
<status status="PASS" start="2024-06-19T16:25:20.256770" elapsed="0.341763"/>
</kw>
<status status="PASS" start="2024-06-19T16:25:20.256264" elapsed="0.342269"/>
</kw>
<kw name="Sleep" owner="BuiltIn">
<msg time="2024-06-19T16:25:23.599600" level="INFO">Slept 3 seconds.</msg>
<arg>3s</arg>
<doc>Pauses the test executed for the given time.</doc>
<status status="PASS" start="2024-06-19T16:25:20.599129" elapsed="3.000471"/>
</kw>
<kw name="Clicar Novo" owner="novoDebitoPage">
<kw name="Click" owner="Browser">
<msg time="2024-06-19T16:25:23.604784" level="INFO">Clicks the element 'xpath=//*[@id="sidebar"]/div/div/ul/li[3]/div/ul/li[1]/a/span/span'.</msg>
<msg time="2024-06-19T16:25:38.769454" level="INFO" html="true">&lt;/td&gt;&lt;/tr&gt;&lt;tr&gt;&lt;td colspan="3"&gt;&lt;a href="browser/screenshot/fail-screenshot-1.png" target="_blank"&gt;&lt;img src="browser/screenshot/fail-screenshot-1.png" width="800px"/&gt;&lt;/a&gt;</msg>
<msg time="2024-06-19T16:25:38.769454" level="INFO">See also file:///C:/Users/Cliente/Documents/Projetos/Financers-Luciano/logs/playwright-log.txt for additional details.</msg>
<msg time="2024-06-19T16:25:43.135390" level="FAIL">TimeoutError: locator.click: Timeout 15000ms exceeded.
Call log:
  [2m- waiting for locator('//*[@id="sidebar"]/div/div/ul/li[3]/div/ul/li[1]/a/span/span')[22m
[2m  -   locator resolved to &lt;span&gt;…&lt;/span&gt;[22m
[2m  - attempting click action[22m
[2m  -   waiting for element to be visible, enabled and stable[22m
[2m  -   element is not visible[22m
[2m  - retrying click action, attempt #1[22m
[2m  -   waiting for element to be visible, enabled and stable[22m
[2m  -   element is not visible[22m
[2m  - retrying click action, attempt #2[22m
[2m  -   waiting 20ms[22m
[2m  -   waiting for element to be visible, enabled and stable[22m
[2m  -   element is not visible[22m
[2m  - retrying click action, attempt #3[22m
[2m  -   waiting 100ms[22m
[2m  -   waiting for element to be visible, enabled and stable[22m
[2m  -   element is not visible[22m
[2m  - retrying click action, attempt #4[22m
[2m  -   waiting 100ms[22m
[2m  -   waiting for element to be visible, enabled and stable[22m
[2m  -   element is not visible[22m
[2m  - retrying click action, attempt #5[22m
[2m  -   waiting 500ms[22m
[2m  -   waiting for element to be visible, enabled and stable[22m
[2m  -   element is not visible[22m
[2m  - retrying click action, attempt #6[22m
[2m  -   waiting 500ms[22m
[2m  -   waiting for element to be visible, enabled and stable[22m
[2m  -   element is not visible[22m
[2m  - retrying click action, attempt #7[22m
[2m  -   waiting 500ms[22m
[2m  -   waiting for element to be visible, enabled and stable[22m
[2m  -   element is not visible[22m
[2m  - retrying click action, attempt #8[22m
[2m  -   waiting 500ms[22m
[2m  -   waiting for element to be visible, enabled and stable[22m
[2m  -   element is not visible[22m
[2m  - retrying click action, attempt #9[22m
[2m  -   waiting 500ms[22m
[2m  -   waiting for element to be visible, enabled and stable[22m
[2m  -   element is not visible[22m
[2m  - retrying click action, attempt #10[22m
[2m  -   waiting 500ms[22m
[2m  -   waiting for element to be visible, enabled and stable[22m
[2m  -   element is not visible[22m
[2m  - retrying click action, attempt #11[22m
[2m  -   waiting 500ms[22m
[2m  -   waiting for element to be visible, enabled and stable[22m
[2m  -   element is not visible[22m
[2m  - retrying click action, attempt #12[22m
[2m  -   waiting 500ms[22m
[2m  -   waiting for element to be visible, enabled and stable[22m
[2m  -   element is not visible[22m
[2m  - retrying click action, attempt #13[22m
[2m  -   waiting 500ms[22m
[2m  -   waiting for element to be visible, enabled and stable[22m
[2m  -   element is not visible[22m
[2m  - retrying click action, attempt #14[22m
[2m  -   waiting 500ms[22m
[2m  -   waiting for element to be visible, enabled and stable[22m
[2m  -   element is not visible[22m
[2m  - retrying click action, attempt #15[22m
[2m  -   waiting 500ms[22m
[2m  -   waiting for element to be visible, enabled and stable[22m
[2m  -   element is not visible[22m
[2m  - retrying click action, attempt #16[22m
[2m  -   waiting 500ms[22m
[2m  -   waiting for element to be visible, enabled and stable[22m
[2m  -   element is not visible[22m
[2m  - retrying click action, attempt #17[22m
[2m  -   waiting 500ms[22m
[2m  -   waiting for element to be visible, enabled and stable[22m
[2m  -   element is not visible[22m
[2m  - retrying click action, attempt #18[22m
[2m  -   waiting 500ms[22m
[2m  -   waiting for element to be visible, enabled and stable[22m
[2m  -   element is not visible[22m
[2m  - retrying click action, attempt #19[22m
[2m  -   waiting 500ms[22m
[2m  -   waiting for element to be visible, enabled and stable[22m
[2m  -   element is not visible[22m
[2m  - retrying click action, attempt #20[22m
[2m  -   waiting 500ms[22m
[2m  -   waiting for element to be visible, enabled and stable[22m
[2m  -   element is not visible[22m
[2m  - retrying click action, attempt #21[22m
[2m  -   waiting 500ms[22m
[2m  -   waiting for element to be visible, enabled and stable[22m
[2m  -   element is not visible[22m
[2m  - retrying click action, attempt #22[22m
[2m  -   waiting 500ms[22m
[2m  -   waiting for element to be visible, enabled and stable[22m
[2m  -   element is not visible[22m
[2m  - retrying click action, attempt #23[22m
[2m  -   waiting 500ms[22m
[2m  -   waiting for element to be visible, enabled and stable[22m
[2m  -   element is not visible[22m
[2m  - retrying click action, attempt #24[22m
[2m  -   waiting 500ms[22m
[2m  -   waiting for element to be visible, enabled and stable[22m
[2m  -   element is not visible[22m
[2m  - retrying click action, attempt #25[22m
[2m  -   waiting 500ms[22m
[2m  -   waiting for element to be visible, enabled and stable[22m
[2m  -   element is not visible[22m
[2m  - retrying click action, attempt #26[22m
[2m  -   waiting 500ms[22m
[2m  
Tip: Use "Set Browser Timeout" for increasing the timeout or double check your locator as the targeted element(s) couldn't be found.</msg>
<arg>xpath=//*[@id="sidebar"]/div/div/ul/li[3]/div/ul/li[1]/a/span/span</arg>
<tag>PageContent</tag>
<tag>Setter</tag>
<doc>Simulates mouse click on the element found by ``selector``.</doc>
<status status="FAIL" start="2024-06-19T16:25:23.602631" elapsed="19.548323">TimeoutError: locator.click: Timeout 15000ms exceeded.
Call log:
  [2m- waiting for locator('//*[@id="sidebar"]/div/div/ul/li[3]/div/ul/li[1]/a/span/span')[22m
[2m  -   locator resolved to &lt;span&gt;…&lt;/span&gt;[22m
[2m  - attempting click action[22m
[2m  -   waiting for element to be visible, enabled and stable[22m
[2m  -   element is not visible[22m
[2m  - retrying click action, attempt #1[22m
[2m  -   waiting for element to be visible, enabled and stable[22m
[2m  -   element is not visible[22m
[2m  - retrying click action, attempt #2[22m
[2m  -   waiting 20ms[22m
[2m  -   waiting for element to be visible, enabled and stable[22m
[2m  -   element is not visible[22m
[2m  - retrying click action, attempt #3[22m
[2m  -   waiting 100ms[22m
[2m  -   waiting for element to be visible, enabled and stable[22m
[2m  -   element is not visible[22m
[2m  - retrying click action, attempt #4[22m
    [ Message content over the limit has been removed. ]
[2m  -   waiting 500ms[22m
[2m  -   waiting for element to be visible, enabled and stable[22m
[2m  -   element is not visible[22m
[2m  - retrying click action, attempt #23[22m
[2m  -   waiting 500ms[22m
[2m  -   waiting for element to be visible, enabled and stable[22m
[2m  -   element is not visible[22m
[2m  - retrying click action, attempt #24[22m
[2m  -   waiting 500ms[22m
[2m  -   waiting for element to be visible, enabled and stable[22m
[2m  -   element is not visible[22m
[2m  - retrying click action, attempt #25[22m
[2m  -   waiting 500ms[22m
[2m  -   waiting for element to be visible, enabled and stable[22m
[2m  -   element is not visible[22m
[2m  - retrying click action, attempt #26[22m
[2m  -   waiting 500ms[22m
[2m  
Tip: Use "Set Browser Timeout" for increasing the timeout or double check your locator as the targeted element(s) couldn't be found.</status>
</kw>
<status status="FAIL" start="2024-06-19T16:25:23.601542" elapsed="19.550012">TimeoutError: locator.click: Timeout 15000ms exceeded.
Call log:
  [2m- waiting for locator('//*[@id="sidebar"]/div/div/ul/li[3]/div/ul/li[1]/a/span/span')[22m
[2m  -   locator resolved to &lt;span&gt;…&lt;/span&gt;[22m
[2m  - attempting click action[22m
[2m  -   waiting for element to be visible, enabled and stable[22m
[2m  -   element is not visible[22m
[2m  - retrying click action, attempt #1[22m
[2m  -   waiting for element to be visible, enabled and stable[22m
[2m  -   element is not visible[22m
[2m  - retrying click action, attempt #2[22m
[2m  -   waiting 20ms[22m
[2m  -   waiting for element to be visible, enabled and stable[22m
[2m  -   element is not visible[22m
[2m  - retrying click action, attempt #3[22m
[2m  -   waiting 100ms[22m
[2m  -   waiting for element to be visible, enabled and stable[22m
[2m  -   element is not visible[22m
[2m  - retrying click action, attempt #4[22m
    [ Message content over the limit has been removed. ]
[2m  -   waiting 500ms[22m
[2m  -   waiting for element to be visible, enabled and stable[22m
[2m  -   element is not visible[22m
[2m  - retrying click action, attempt #23[22m
[2m  -   waiting 500ms[22m
[2m  -   waiting for element to be visible, enabled and stable[22m
[2m  -   element is not visible[22m
[2m  - retrying click action, attempt #24[22m
[2m  -   waiting 500ms[22m
[2m  -   waiting for element to be visible, enabled and stable[22m
[2m  -   element is not visible[22m
[2m  - retrying click action, attempt #25[22m
[2m  -   waiting 500ms[22m
[2m  -   waiting for element to be visible, enabled and stable[22m
[2m  -   element is not visible[22m
[2m  - retrying click action, attempt #26[22m
[2m  -   waiting 500ms[22m
[2m  
Tip: Use "Set Browser Timeout" for increasing the timeout or double check your locator as the targeted element(s) couldn't be found.</status>
</kw>
<kw name="Take Screenshot" owner="Browser">
<arg>Novo Debito</arg>
<tag>PageContent</tag>
<doc>Takes a screenshot of the current window or element and saves it to disk.</doc>
<status status="NOT RUN" start="2024-06-19T16:25:43.152129" elapsed="0.000000"/>
</kw>
<kw name="Sleep" owner="BuiltIn">
<arg>5s</arg>
<doc>Pauses the test executed for the given time.</doc>
<status status="NOT RUN" start="2024-06-19T16:25:43.152712" elapsed="0.000000"/>
</kw>
<kw name="Finalizar testes" owner="baseTests" type="TEARDOWN">
<kw name="Take Screenshot" owner="Browser">
<msg time="2024-06-19T16:25:43.272128" level="INFO" html="true">&lt;/td&gt;&lt;/tr&gt;&lt;tr&gt;&lt;td colspan="3"&gt;&lt;a href="browser/screenshot/Cadastrar%20novo%20d%C3%A9bito.png" target="_blank"&gt;&lt;img src="browser/screenshot/Cadastrar%20novo%20d%C3%A9bito.png" width="800px"/&gt;&lt;/a&gt;</msg>
<arg>${TEST NAME}</arg>
<tag>PageContent</tag>
<doc>Takes a screenshot of the current window or element and saves it to disk.</doc>
<status status="PASS" start="2024-06-19T16:25:43.153893" elapsed="0.118306"/>
</kw>
<kw name="Close Browser" owner="Browser">
<msg time="2024-06-19T16:25:43.681430" level="INFO">Closed browser</msg>
<tag>BrowserControl</tag>
<tag>Setter</tag>
<doc>Closes the current browser.</doc>
<status status="PASS" start="2024-06-19T16:25:43.272199" elapsed="0.409231"/>
</kw>
<status status="PASS" start="2024-06-19T16:25:43.153323" elapsed="0.528659"/>
</kw>
<status status="FAIL" start="2024-06-19T16:25:12.655215" elapsed="31.027374">TimeoutError: locator.click: Timeout 15000ms exceeded.
Call log:
  [2m- waiting for locator('//*[@id="sidebar"]/div/div/ul/li[3]/div/ul/li[1]/a/span/span')[22m
[2m  -   locator resolved to &lt;span&gt;…&lt;/span&gt;[22m
[2m  - attempting click action[22m
[2m  -   waiting for element to be visible, enabled and stable[22m
[2m  -   element is not visible[22m
[2m  - retrying click action, attempt #1[22m
[2m  -   waiting for element to be visible, enabled and stable[22m
[2m  -   element is not visible[22m
[2m  - retrying click action, attempt #2[22m
[2m  -   waiting 20ms[22m
[2m  -   waiting for element to be visible, enabled and stable[22m
[2m  -   element is not visible[22m
[2m  - retrying click action, attempt #3[22m
[2m  -   waiting 100ms[22m
[2m  -   waiting for element to be visible, enabled and stable[22m
[2m  -   element is not visible[22m
[2m  - retrying click action, attempt #4[22m
    [ Message content over the limit has been removed. ]
[2m  -   waiting 500ms[22m
[2m  -   waiting for element to be visible, enabled and stable[22m
[2m  -   element is not visible[22m
[2m  - retrying click action, attempt #23[22m
[2m  -   waiting 500ms[22m
[2m  -   waiting for element to be visible, enabled and stable[22m
[2m  -   element is not visible[22m
[2m  - retrying click action, attempt #24[22m
[2m  -   waiting 500ms[22m
[2m  -   waiting for element to be visible, enabled and stable[22m
[2m  -   element is not visible[22m
[2m  - retrying click action, attempt #25[22m
[2m  -   waiting 500ms[22m
[2m  -   waiting for element to be visible, enabled and stable[22m
[2m  -   element is not visible[22m
[2m  - retrying click action, attempt #26[22m
[2m  -   waiting 500ms[22m
[2m  
Tip: Use "Set Browser Timeout" for increasing the timeout or double check your locator as the targeted element(s) couldn't be found.</status>
</test>
<status status="FAIL" start="2024-06-19T16:25:01.355562" elapsed="42.341721"/>
</suite>
<status status="FAIL" start="2024-06-19T16:24:45.658955" elapsed="58.089230"/>
</suite>
<statistics>
<total>
<stat pass="2" fail="1" skip="0">All Tests</stat>
</total>
<tag>
</tag>
<suite>
<stat pass="2" fail="1" skip="0" id="s1" name="Tests">Tests</stat>
<stat pass="1" fail="0" skip="0" id="s1-s1" name="debitoTestes">Tests.debitoTestes</stat>
<stat pass="1" fail="1" skip="0" id="s1-s2" name="novoDebitoTestes">Tests.novoDebitoTestes</stat>
</suite>
</statistics>
<errors>
<msg time="2024-06-19T16:24:48.694928" level="WARN">Open Browser is for quick experimentation and debugging only. Use New Page for production.</msg>
<msg time="2024-06-19T16:25:01.431511" level="WARN">Open Browser is for quick experimentation and debugging only. Use New Page for production.</msg>
<msg time="2024-06-19T16:25:12.662247" level="WARN">Open Browser is for quick experimentation and debugging only. Use New Page for production.</msg>
</errors>
</robot>
