<?xml version="1.0" encoding="UTF-8"?>
<robot generator="Robot 7.0 (Python 3.12.2 on win32)" generated="2024-06-19T14:36:20.225877" rpa="false" schemaversion="5">
<suite id="s1" name="Financers-Luciano" source="C:\Users\Cliente\Documents\Projetos\Financers-Luciano">
<suite id="s1-s1" name="Tests" source="C:\Users\Cliente\Documents\Projetos\Financers-Luciano\tests">
<suite id="s1-s1-s1" name="novoDebitoTestes" source="C:\Users\Cliente\Documents\Projetos\Financers-Luciano\tests\novoDebitoTestes.robot">
<test id="s1-s1-s1-t1" name="Cadastrar novo débito" line="27">
<kw name="Iniciar testes" owner="baseTests" type="SETUP">
<kw name="Set Browser Timeout" owner="Browser">
<msg time="2024-06-19T14:36:21.801826" level="INFO">${old_timeout} = 10 seconds</msg>
<var>${old_timeout}</var>
<arg>15 seconds</arg>
<tag>Config</tag>
<tag>Setter</tag>
<doc>Sets the timeout used by most input and getter keywords.</doc>
<status status="PASS" start="2024-06-19T14:36:21.745939" elapsed="0.056849"/>
</kw>
<kw name="Open Browser" owner="Browser">
<msg time="2024-06-19T14:36:21.803801" level="WARN">Open Browser is for quick experimentation and debugging only. Use New Page for production.</msg>
<msg time="2024-06-19T14:36:21.807775" level="INFO">{"browser": "chromium", "headless": false, "chromiumSandbox": false, "devtools": false, "handleSIGHUP": true, "handleSIGINT": true, "handleSIGTERM": true, "slowMo": 0.0, "timeout": 30000.0, "tracesDir": "C:\\Users\\Cliente\\Documents\\Projetos\\Financers-Luciano\\results\\browser\\traces\\b8fda8e1-9ac0-4ca4-a2c7-8790f472d3b7"}</msg>
<msg time="2024-06-19T14:36:22.386228" level="INFO">Successfully created browser with options: {"browser":"chromium","headless":false,"chromiumSandbox":false,"devtools":false,"handleSIGHUP":true,"handleSIGINT":true,"handleSIGTERM":true,"slowMo":0,"timeout":30000,"tracesDir":"C:\\Users\\Cliente\\Documents\\Projetos\\Financers-Luciano\\results\\browser\\traces\\b8fda8e1-9ac0-4ca4-a2c7-8790f472d3b7"}</msg>
<msg time="2024-06-19T14:36:22.387225" level="INFO">{
  "acceptDownloads": true,
  "bypassCSP": true,
  "forcedColors": "none",
  "ignoreHTTPSErrors": false,
  "javaScriptEnabled": true,
  "offline": false,
  "reducedMotion": "no-preference",
  "serviceWorkers": "allow",
  "viewport": {
    "width": 1280,
    "height": 720
  }
}</msg>
<msg time="2024-06-19T14:36:22.477983" level="INFO">Successfully created context. </msg>
<msg time="2024-06-19T14:36:22.478980" level="INFO">{'acceptDownloads': True, 'bypassCSP': True, 'forcedColors': 'none', 'ignoreHTTPSErrors': False, 'javaScriptEnabled': True, 'offline': False, 'reducedMotion': 'no-preference', 'serviceWorkers': 'allow', 'viewport': {'width': 1280, 'height': 720}}</msg>
<msg time="2024-06-19T14:36:25.125420" level="INFO">Successfully initialized new page object and opened url: https://luciano.app.br/Identity/Account/Login</msg>
<arg>https://luciano.app.br/Identity/Account/Login</arg>
<arg>headless=false</arg>
<tag>BrowserControl</tag>
<tag>Setter</tag>
<doc>Opens a new browser instance. Use this keyword for quick experiments or debugging sessions.</doc>
<status status="PASS" start="2024-06-19T14:36:21.802788" elapsed="3.323629"/>
</kw>
<kw name="Set Browser Timeout" owner="Browser">
<msg time="2024-06-19T14:36:25.128412" level="INFO">${old_timeout} = 15 seconds</msg>
<var>${old_timeout}</var>
<arg>15 seconds</arg>
<tag>Config</tag>
<tag>Setter</tag>
<doc>Sets the timeout used by most input and getter keywords.</doc>
<status status="PASS" start="2024-06-19T14:36:25.126417" elapsed="0.002992"/>
</kw>
<status status="PASS" start="2024-06-19T14:36:21.744941" elapsed="3.384468"/>
</kw>
<kw name="Preencher Login" owner="loginPage">
<kw name="Sleep" owner="BuiltIn">
<msg time="2024-06-19T14:36:28.142431" level="INFO">Slept 3 seconds.</msg>
<arg>3s</arg>
<doc>Pauses the test executed for the given time.</doc>
<status status="PASS" start="2024-06-19T14:36:25.140380" elapsed="3.003011"/>
</kw>
<kw name="Get Title" owner="Browser">
<msg time="2024-06-19T14:36:28.171688" level="INFO">Title: 'Login - Financers'</msg>
<arg>==</arg>
<arg>Login - Financers</arg>
<tag>Assertion</tag>
<tag>Getter</tag>
<tag>PageContent</tag>
<doc>Returns the title of the current page.</doc>
<status status="PASS" start="2024-06-19T14:36:28.143391" elapsed="0.029291"/>
</kw>
<kw name="Fill Text" owner="Browser">
<msg time="2024-06-19T14:36:28.173713" level="INFO">Fills the text 'tatianasimao80@gmail.com' in the given field.</msg>
<arg>id=Input_Email</arg>
<arg>${VALUE_EMAIL}</arg>
<tag>PageContent</tag>
<tag>Setter</tag>
<doc>Clears and fills the given ``txt`` into the text field found by ``selector``.</doc>
<status status="PASS" start="2024-06-19T14:36:28.172682" elapsed="0.174799"/>
</kw>
<kw name="Fill Text" owner="Browser">
<msg time="2024-06-19T14:36:28.349476" level="INFO">Fills the text 'Aa12345678@' in the given field.</msg>
<arg>id=Input_Password</arg>
<arg>${VALUE_SENHA}</arg>
<tag>PageContent</tag>
<tag>Setter</tag>
<doc>Clears and fills the given ``txt`` into the text field found by ``selector``.</doc>
<status status="PASS" start="2024-06-19T14:36:28.348478" elapsed="0.052513"/>
</kw>
<kw name="Click" owner="Browser">
<msg time="2024-06-19T14:36:28.401959" level="INFO">Clicks the element '//button'.</msg>
<arg>//button</arg>
<tag>PageContent</tag>
<tag>Setter</tag>
<doc>Simulates mouse click on the element found by ``selector``.</doc>
<status status="PASS" start="2024-06-19T14:36:28.401959" elapsed="1.169905"/>
</kw>
<arg>${email}</arg>
<arg>${password}</arg>
<status status="PASS" start="2024-06-19T14:36:25.138385" elapsed="4.434480"/>
</kw>
<kw name="Clicar Débito" owner="novoDebitoPage">
<kw name="Click" owner="Browser">
<msg time="2024-06-19T14:36:29.574856" level="INFO">Clicks the element 'xpath=(//*[@class='nav-text fadeable']['Débito'])[2]'.</msg>
<arg>xpath=(//*[@class='nav-text fadeable']['Débito'])[2]</arg>
<tag>PageContent</tag>
<tag>Setter</tag>
<doc>Simulates mouse click on the element found by ``selector``.</doc>
<status status="PASS" start="2024-06-19T14:36:29.573858" elapsed="0.349293"/>
</kw>
<status status="PASS" start="2024-06-19T14:36:29.573858" elapsed="0.349293"/>
</kw>
<kw name="Sleep" owner="BuiltIn">
<msg time="2024-06-19T14:36:32.925416" level="INFO">Slept 3 seconds.</msg>
<arg>3s</arg>
<doc>Pauses the test executed for the given time.</doc>
<status status="PASS" start="2024-06-19T14:36:29.924148" elapsed="3.006243"/>
</kw>
<kw name="Clicar Novo" owner="novoDebitoPage">
<kw name="Sleep" owner="BuiltIn">
<msg time="2024-06-19T14:36:35.944223" level="INFO">Slept 3 seconds.</msg>
<arg>3s</arg>
<doc>Pauses the test executed for the given time.</doc>
<status status="PASS" start="2024-06-19T14:36:32.937369" elapsed="3.007892"/>
</kw>
<kw name="Click" owner="Browser">
<msg time="2024-06-19T14:36:35.950212" level="INFO">Clicks the element 'xpath=//*[@id="sidebar"]/div/div/ul/li[3]/div/ul/li[1]/a/span/span'.</msg>
<msg time="2024-06-19T14:36:51.205407" level="INFO" html="true">&lt;/td&gt;&lt;/tr&gt;&lt;tr&gt;&lt;td colspan="3"&gt;&lt;a href="browser/screenshot/fail-screenshot-1.png" target="_blank"&gt;&lt;img src="browser/screenshot/fail-screenshot-1.png" width="800px"/&gt;&lt;/a&gt;</msg>
<msg time="2024-06-19T14:36:51.205407" level="INFO">See also file:///C:/Users/Cliente/Documents/Projetos/Financers-Luciano/results/playwright-log.txt for additional details.</msg>
<msg time="2024-06-19T14:36:53.869917" level="FAIL">TimeoutError: locator.click: Timeout 15000ms exceeded.
Call log:
  [2m- waiting for locator('//*[@id="sidebar"]/div/div/ul/li[3]/div/ul/li[1]/a/span/span')[22m
[2m  -   locator resolved to &lt;span&gt;…&lt;/span&gt;[22m
[2m  - attempting click action[22m
[2m  -   waiting for element to be visible, enabled and stable[22m
[2m  -   element is not visible[22m
[2m  - retrying click action, attempt #1[22m
[2m  -   waiting for element to be visible, enabled and stable[22m
[2m  -   element is not visible[22m
[2m  - retrying click action, attempt #2[22m
[2m  -   waiting 20ms[22m
[2m  -   waiting for element to be visible, enabled and stable[22m
[2m  -   element is not visible[22m
[2m  - retrying click action, attempt #3[22m
[2m  -   waiting 100ms[22m
[2m  -   waiting for element to be visible, enabled and stable[22m
[2m  -   element is not visible[22m
[2m  - retrying click action, attempt #4[22m
[2m  -   waiting 100ms[22m
[2m  -   waiting for element to be visible, enabled and stable[22m
[2m  -   element is not visible[22m
[2m  - retrying click action, attempt #5[22m
[2m  -   waiting 500ms[22m
[2m  -   waiting for element to be visible, enabled and stable[22m
[2m  -   element is not visible[22m
[2m  - retrying click action, attempt #6[22m
[2m  -   waiting 500ms[22m
[2m  -   waiting for element to be visible, enabled and stable[22m
[2m  -   element is not visible[22m
[2m  - retrying click action, attempt #7[22m
[2m  -   waiting 500ms[22m
[2m  -   waiting for element to be visible, enabled and stable[22m
[2m  -   element is not visible[22m
[2m  - retrying click action, attempt #8[22m
[2m  -   waiting 500ms[22m
[2m  -   waiting for element to be visible, enabled and stable[22m
[2m  -   element is not visible[22m
[2m  - retrying click action, attempt #9[22m
[2m  -   waiting 500ms[22m
[2m  -   waiting for element to be visible, enabled and stable[22m
[2m  -   element is not visible[22m
[2m  - retrying click action, attempt #10[22m
[2m  -   waiting 500ms[22m
[2m  -   waiting for element to be visible, enabled and stable[22m
[2m  -   element is not visible[22m
[2m  - retrying click action, attempt #11[22m
[2m  -   waiting 500ms[22m
[2m  -   waiting for element to be visible, enabled and stable[22m
[2m  -   element is not visible[22m
[2m  - retrying click action, attempt #12[22m
[2m  -   waiting 500ms[22m
[2m  -   waiting for element to be visible, enabled and stable[22m
[2m  -   element is not visible[22m
[2m  - retrying click action, attempt #13[22m
[2m  -   waiting 500ms[22m
[2m  -   waiting for element to be visible, enabled and stable[22m
[2m  -   element is not visible[22m
[2m  - retrying click action, attempt #14[22m
[2m  -   waiting 500ms[22m
[2m  -   waiting for element to be visible, enabled and stable[22m
[2m  -   element is not visible[22m
[2m  - retrying click action, attempt #15[22m
[2m  -   waiting 500ms[22m
[2m  -   waiting for element to be visible, enabled and stable[22m
[2m  -   element is not visible[22m
[2m  - retrying click action, attempt #16[22m
[2m  -   waiting 500ms[22m
[2m  -   waiting for element to be visible, enabled and stable[22m
[2m  -   element is not visible[22m
[2m  - retrying click action, attempt #17[22m
[2m  -   waiting 500ms[22m
[2m  -   waiting for element to be visible, enabled and stable[22m
[2m  -   element is not visible[22m
[2m  - retrying click action, attempt #18[22m
[2m  -   waiting 500ms[22m
[2m  -   waiting for element to be visible, enabled and stable[22m
[2m  -   element is not visible[22m
[2m  - retrying click action, attempt #19[22m
[2m  -   waiting 500ms[22m
[2m  -   waiting for element to be visible, enabled and stable[22m
[2m  -   element is not visible[22m
[2m  - retrying click action, attempt #20[22m
[2m  -   waiting 500ms[22m
[2m  -   waiting for element to be visible, enabled and stable[22m
[2m  -   element is not visible[22m
[2m  - retrying click action, attempt #21[22m
[2m  -   waiting 500ms[22m
[2m  -   waiting for element to be visible, enabled and stable[22m
[2m  -   element is not visible[22m
[2m  - retrying click action, attempt #22[22m
[2m  -   waiting 500ms[22m
[2m  -   waiting for element to be visible, enabled and stable[22m
[2m  -   element is not visible[22m
[2m  - retrying click action, attempt #23[22m
[2m  -   waiting 500ms[22m
[2m  -   waiting for element to be visible, enabled and stable[22m
[2m  -   element is not visible[22m
[2m  - retrying click action, attempt #24[22m
[2m  -   waiting 500ms[22m
[2m  -   waiting for element to be visible, enabled and stable[22m
[2m  -   element is not visible[22m
[2m  - retrying click action, attempt #25[22m
[2m  -   waiting 500ms[22m
[2m  -   waiting for element to be visible, enabled and stable[22m
[2m  -   element is not visible[22m
[2m  - retrying click action, attempt #26[22m
[2m  -   waiting 500ms[22m
[2m  
Tip: Use "Set Browser Timeout" for increasing the timeout or double check your locator as the targeted element(s) couldn't be found.</msg>
<arg>xpath=//*[@id="sidebar"]/div/div/ul/li[3]/div/ul/li[1]/a/span/span</arg>
<tag>PageContent</tag>
<tag>Setter</tag>
<doc>Simulates mouse click on the element found by ``selector``.</doc>
<status status="FAIL" start="2024-06-19T14:36:35.946256" elapsed="17.933639">TimeoutError: locator.click: Timeout 15000ms exceeded.
Call log:
  [2m- waiting for locator('//*[@id="sidebar"]/div/div/ul/li[3]/div/ul/li[1]/a/span/span')[22m
[2m  -   locator resolved to &lt;span&gt;…&lt;/span&gt;[22m
[2m  - attempting click action[22m
[2m  -   waiting for element to be visible, enabled and stable[22m
[2m  -   element is not visible[22m
[2m  - retrying click action, attempt #1[22m
[2m  -   waiting for element to be visible, enabled and stable[22m
[2m  -   element is not visible[22m
[2m  - retrying click action, attempt #2[22m
[2m  -   waiting 20ms[22m
[2m  -   waiting for element to be visible, enabled and stable[22m
[2m  -   element is not visible[22m
[2m  - retrying click action, attempt #3[22m
[2m  -   waiting 100ms[22m
[2m  -   waiting for element to be visible, enabled and stable[22m
[2m  -   element is not visible[22m
[2m  - retrying click action, attempt #4[22m
    [ Message content over the limit has been removed. ]
[2m  -   waiting 500ms[22m
[2m  -   waiting for element to be visible, enabled and stable[22m
[2m  -   element is not visible[22m
[2m  - retrying click action, attempt #23[22m
[2m  -   waiting 500ms[22m
[2m  -   waiting for element to be visible, enabled and stable[22m
[2m  -   element is not visible[22m
[2m  - retrying click action, attempt #24[22m
[2m  -   waiting 500ms[22m
[2m  -   waiting for element to be visible, enabled and stable[22m
[2m  -   element is not visible[22m
[2m  - retrying click action, attempt #25[22m
[2m  -   waiting 500ms[22m
[2m  -   waiting for element to be visible, enabled and stable[22m
[2m  -   element is not visible[22m
[2m  - retrying click action, attempt #26[22m
[2m  -   waiting 500ms[22m
[2m  
Tip: Use "Set Browser Timeout" for increasing the timeout or double check your locator as the targeted element(s) couldn't be found.</status>
</kw>
<status status="FAIL" start="2024-06-19T14:36:32.934379" elapsed="20.946510">TimeoutError: locator.click: Timeout 15000ms exceeded.
Call log:
  [2m- waiting for locator('//*[@id="sidebar"]/div/div/ul/li[3]/div/ul/li[1]/a/span/span')[22m
[2m  -   locator resolved to &lt;span&gt;…&lt;/span&gt;[22m
[2m  - attempting click action[22m
[2m  -   waiting for element to be visible, enabled and stable[22m
[2m  -   element is not visible[22m
[2m  - retrying click action, attempt #1[22m
[2m  -   waiting for element to be visible, enabled and stable[22m
[2m  -   element is not visible[22m
[2m  - retrying click action, attempt #2[22m
[2m  -   waiting 20ms[22m
[2m  -   waiting for element to be visible, enabled and stable[22m
[2m  -   element is not visible[22m
[2m  - retrying click action, attempt #3[22m
[2m  -   waiting 100ms[22m
[2m  -   waiting for element to be visible, enabled and stable[22m
[2m  -   element is not visible[22m
[2m  - retrying click action, attempt #4[22m
    [ Message content over the limit has been removed. ]
[2m  -   waiting 500ms[22m
[2m  -   waiting for element to be visible, enabled and stable[22m
[2m  -   element is not visible[22m
[2m  - retrying click action, attempt #23[22m
[2m  -   waiting 500ms[22m
[2m  -   waiting for element to be visible, enabled and stable[22m
[2m  -   element is not visible[22m
[2m  - retrying click action, attempt #24[22m
[2m  -   waiting 500ms[22m
[2m  -   waiting for element to be visible, enabled and stable[22m
[2m  -   element is not visible[22m
[2m  - retrying click action, attempt #25[22m
[2m  -   waiting 500ms[22m
[2m  -   waiting for element to be visible, enabled and stable[22m
[2m  -   element is not visible[22m
[2m  - retrying click action, attempt #26[22m
[2m  -   waiting 500ms[22m
[2m  
Tip: Use "Set Browser Timeout" for increasing the timeout or double check your locator as the targeted element(s) couldn't be found.</status>
</kw>
<kw name="Take Screenshot" owner="Browser">
<arg>Novo Debito</arg>
<tag>PageContent</tag>
<doc>Takes a screenshot of the current window or element and saves it to disk.</doc>
<status status="NOT RUN" start="2024-06-19T14:36:53.882882" elapsed="0.000000"/>
</kw>
<kw name="Sleep" owner="BuiltIn">
<arg>5s</arg>
<doc>Pauses the test executed for the given time.</doc>
<status status="NOT RUN" start="2024-06-19T14:36:53.883881" elapsed="0.000997"/>
</kw>
<kw name="Finalizar testes" owner="baseTests" type="TEARDOWN">
<kw name="Take Screenshot" owner="Browser">
<msg time="2024-06-19T14:36:54.013535" level="INFO" html="true">&lt;/td&gt;&lt;/tr&gt;&lt;tr&gt;&lt;td colspan="3"&gt;&lt;a href="browser/screenshot/Cadastrar%20novo%20d%C3%A9bito.png" target="_blank"&gt;&lt;img src="browser/screenshot/Cadastrar%20novo%20d%C3%A9bito.png" width="800px"/&gt;&lt;/a&gt;</msg>
<arg>${TEST NAME}</arg>
<tag>PageContent</tag>
<doc>Takes a screenshot of the current window or element and saves it to disk.</doc>
<status status="PASS" start="2024-06-19T14:36:53.886872" elapsed="0.127660"/>
</kw>
<kw name="Close Browser" owner="Browser">
<msg time="2024-06-19T14:36:54.523170" level="INFO">Closed browser</msg>
<tag>BrowserControl</tag>
<tag>Setter</tag>
<doc>Closes the current browser.</doc>
<status status="PASS" start="2024-06-19T14:36:54.015528" elapsed="0.507642"/>
</kw>
<status status="PASS" start="2024-06-19T14:36:53.885874" elapsed="0.638294"/>
</kw>
<status status="FAIL" start="2024-06-19T14:36:21.738957" elapsed="32.786208">TimeoutError: locator.click: Timeout 15000ms exceeded.
Call log:
  [2m- waiting for locator('//*[@id="sidebar"]/div/div/ul/li[3]/div/ul/li[1]/a/span/span')[22m
[2m  -   locator resolved to &lt;span&gt;…&lt;/span&gt;[22m
[2m  - attempting click action[22m
[2m  -   waiting for element to be visible, enabled and stable[22m
[2m  -   element is not visible[22m
[2m  - retrying click action, attempt #1[22m
[2m  -   waiting for element to be visible, enabled and stable[22m
[2m  -   element is not visible[22m
[2m  - retrying click action, attempt #2[22m
[2m  -   waiting 20ms[22m
[2m  -   waiting for element to be visible, enabled and stable[22m
[2m  -   element is not visible[22m
[2m  - retrying click action, attempt #3[22m
[2m  -   waiting 100ms[22m
[2m  -   waiting for element to be visible, enabled and stable[22m
[2m  -   element is not visible[22m
[2m  - retrying click action, attempt #4[22m
    [ Message content over the limit has been removed. ]
[2m  -   waiting 500ms[22m
[2m  -   waiting for element to be visible, enabled and stable[22m
[2m  -   element is not visible[22m
[2m  - retrying click action, attempt #23[22m
[2m  -   waiting 500ms[22m
[2m  -   waiting for element to be visible, enabled and stable[22m
[2m  -   element is not visible[22m
[2m  - retrying click action, attempt #24[22m
[2m  -   waiting 500ms[22m
[2m  -   waiting for element to be visible, enabled and stable[22m
[2m  -   element is not visible[22m
[2m  - retrying click action, attempt #25[22m
[2m  -   waiting 500ms[22m
[2m  -   waiting for element to be visible, enabled and stable[22m
[2m  -   element is not visible[22m
[2m  - retrying click action, attempt #26[22m
[2m  -   waiting 500ms[22m
[2m  
Tip: Use "Set Browser Timeout" for increasing the timeout or double check your locator as the targeted element(s) couldn't be found.</status>
</test>
<status status="FAIL" start="2024-06-19T14:36:20.272957" elapsed="34.269163"/>
</suite>
<status status="FAIL" start="2024-06-19T14:36:20.269469" elapsed="34.355444"/>
</suite>
<status status="FAIL" start="2024-06-19T14:36:20.234854" elapsed="34.500749"/>
</suite>
<statistics>
<total>
<stat pass="0" fail="1" skip="0">All Tests</stat>
</total>
<tag>
</tag>
<suite>
<stat pass="0" fail="1" skip="0" id="s1" name="Financers-Luciano">Financers-Luciano</stat>
<stat pass="0" fail="1" skip="0" id="s1-s1" name="Tests">Financers-Luciano.Tests</stat>
<stat pass="0" fail="1" skip="0" id="s1-s1-s1" name="novoDebitoTestes">Financers-Luciano.Tests.novoDebitoTestes</stat>
</suite>
</statistics>
<errors>
<msg time="2024-06-19T14:36:21.803801" level="WARN">Open Browser is for quick experimentation and debugging only. Use New Page for production.</msg>
</errors>
</robot>
